0 info it worked if it ends with ok
1 verbose cli [ '/usr/local/bin/node',
1 verbose cli   '/usr/local/bin/npm',
1 verbose cli   'install',
1 verbose cli   'dataTables' ]
2 info using npm@2.10.1
3 info using node@v0.12.4
4 verbose install initial load of /home/projects/codeio-git/package.json
5 verbose installManyTop reading scoped package data from /home/projects/codeio-git/node_modules/bootstrap/package.json
6 verbose installManyTop reading scoped package data from /home/projects/codeio-git/node_modules/bootstrap-timepicker/package.json
7 verbose installManyTop reading scoped package data from /home/projects/codeio-git/node_modules/datatables/package.json
8 verbose installManyTop reading scoped package data from /home/projects/codeio-git/node_modules/datetimepicker/package.json
9 verbose installManyTop reading scoped package data from /home/projects/codeio-git/node_modules/jquery/package.json
10 verbose installManyTop reading scoped package data from /home/projects/codeio-git/node_modules/jquery.inputmask/package.json
11 verbose installManyTop reading scoped package data from /home/projects/codeio-git/node_modules/node-static/package.json
12 verbose installManyTop reading scoped package data from /home/projects/codeio-git/node_modules/selectize/package.json
13 verbose installManyTop reading scoped package data from /home/projects/codeio-git/node_modules/sparkline/package.json
14 verbose installManyTop reading scoped package data from /home/projects/codeio-git/node_modules/timepicker/package.json
15 info package.json selectize@0.12.1 No license field.
16 info package.json sparkline@0.1.2 No license field.
17 verbose readDependencies loading dependencies from /home/projects/codeio-git/package.json
18 silly cache add args [ 'dataTables', null ]
19 verbose cache add spec dataTables
20 silly cache add parsed spec { raw: 'dataTables',
20 silly cache add   scope: null,
20 silly cache add   name: 'dataTables',
20 silly cache add   rawSpec: '',
20 silly cache add   spec: '*',
20 silly cache add   type: 'range' }
21 silly addNamed dataTables@*
22 verbose addNamed "*" is a valid semver range for dataTables
23 silly addNameRange { name: 'dataTables', range: '*', hasData: false }
24 silly mapToRegistry name dataTables
25 silly mapToRegistry using default registry
26 silly mapToRegistry registry https://registry.npmjs.org/
27 silly mapToRegistry uri https://registry.npmjs.org/dataTables
28 verbose addNameRange registry:https://registry.npmjs.org/dataTables not in flight; fetching
29 verbose request uri https://registry.npmjs.org/dataTables
30 verbose request no auth needed
31 info attempt registry request try #1 at 16:44:22
32 verbose request id a0cc1e855bbc1be3
33 http request GET https://registry.npmjs.org/dataTables
34 http 404 https://registry.npmjs.org/dataTables
35 verbose headers { 'content-type': 'application/json',
35 verbose headers   'cache-control': 'max-age=0',
35 verbose headers   'content-length': '2',
35 verbose headers   'accept-ranges': 'bytes',
35 verbose headers   date: 'Thu, 04 Feb 2016 07:55:14 GMT',
35 verbose headers   via: '1.1 varnish',
35 verbose headers   age: '0',
35 verbose headers   connection: 'keep-alive',
35 verbose headers   'x-served-by': 'cache-nrt6125-NRT',
35 verbose headers   'x-cache': 'MISS',
35 verbose headers   'x-cache-hits': '0',
35 verbose headers   'x-timer': 'S1454572514.136576,VS0,VE663' }
36 silly get cb [ 404,
36 silly get   { 'content-type': 'application/json',
36 silly get     'cache-control': 'max-age=0',
36 silly get     'content-length': '2',
36 silly get     'accept-ranges': 'bytes',
36 silly get     date: 'Thu, 04 Feb 2016 07:55:14 GMT',
36 silly get     via: '1.1 varnish',
36 silly get     age: '0',
36 silly get     connection: 'keep-alive',
36 silly get     'x-served-by': 'cache-nrt6125-NRT',
36 silly get     'x-cache': 'MISS',
36 silly get     'x-cache-hits': '0',
36 silly get     'x-timer': 'S1454572514.136576,VS0,VE663' } ]
37 verbose stack Error: Registry returned 404 for GET on https://registry.npmjs.org/dataTables
37 verbose stack     at CachingRegistryClient.<anonymous> (/usr/local/lib/node_modules/npm/node_modules/npm-registry-client/lib/request.js:239:14)
37 verbose stack     at Request._callback (/usr/local/lib/node_modules/npm/node_modules/npm-registry-client/lib/request.js:170:14)
37 verbose stack     at Request.self.callback (/usr/local/lib/node_modules/npm/node_modules/request/request.js:368:22)
37 verbose stack     at Request.emit (events.js:110:17)
37 verbose stack     at Request.<anonymous> (/usr/local/lib/node_modules/npm/node_modules/request/request.js:1219:14)
37 verbose stack     at Request.emit (events.js:129:20)
37 verbose stack     at IncomingMessage.<anonymous> (/usr/local/lib/node_modules/npm/node_modules/request/request.js:1167:12)
37 verbose stack     at IncomingMessage.emit (events.js:129:20)
37 verbose stack     at _stream_readable.js:908:16
37 verbose stack     at process._tickCallback (node.js:355:11)
38 verbose statusCode 404
39 verbose pkgid dataTables
40 verbose cwd /home/projects/codeio-git
41 error Linux 2.6.32-573.7.1.el6.x86_64
42 error argv "/usr/local/bin/node" "/usr/local/bin/npm" "install" "dataTables"
43 error node v0.12.4
44 error npm  v2.10.1
45 error code E404
46 error 404 Registry returned 404 for GET on https://registry.npmjs.org/dataTables
46 error 404
46 error 404 'dataTables' is not in the npm registry.
46 error 404 You should bug the author to publish it (or use the name yourself!)
46 error 404
46 error 404 Note that you can also install from a
46 error 404 tarball, folder, http url, or git url.
47 verbose exit [ 1, true ]
